0 silly argv {
0 silly argv   _: [ 'publish' ],
0 silly argv   composed: 'publish',
0 silly argv   lernaVersion: '6.0.1',
0 silly argv   '$0': '/Users/yanxianliang/Desktop/yonghui/umi-middle/node_modules/.bin/lerna'
0 silly argv }
1 notice cli v6.0.1
2 verbose rootPath /Users/yanxianliang/Desktop/yonghui/umi-middle
3 info versioning independent
4 warn EWORKSPACES Workspaces exist in the root package.json, but Lerna is not configured to use them.
4 warn EWORKSPACES To fix this and have Lerna use workspaces to resolve packages, set `useWorkspaces: true` in lerna.json.
5 warn EPACKAGES No packages defined in lerna.json. Defaulting to packages in packages/*
6 verbose session 33a22a04c3507555
7 verbose user-agent lerna/6.0.1/node@v16.17.0+x64 (darwin)
8 silly argv { _: [ 'publish' ], composed: 'publish', lernaVersion: '6.0.1' }
9 verbose rootPath /Users/yanxianliang/Desktop/yonghui/umi-middle
10 warn EWORKSPACES Workspaces exist in the root package.json, but Lerna is not configured to use them.
10 warn EWORKSPACES To fix this and have Lerna use workspaces to resolve packages, set `useWorkspaces: true` in lerna.json.
11 warn EPACKAGES No packages defined in lerna.json. Defaulting to packages in packages/*
12 silly isAnythingCommitted
13 verbose isAnythingCommitted 1
14 silly getCurrentBranch
15 verbose currentBranch main
16 silly remoteBranchExists
17 silly isBehindUpstream
18 silly isBehindUpstream main is behind origin/main by 0 commit(s) and ahead by 0
19 silly hasTags
20 verbose hasTags true
21 silly git-describe.sync "@middle/middle@0.0.77-1-g11f6083" => {"lastTagName":"@middle/middle@0.0.77","lastVersion":"0.0.77","refCount":"1","sha":"11f6083","isDirty":false}
22 info Looking for changed packages since @middle/middle@0.0.77
23 silly checking diff packages/middle
24 silly no diff found in @middle/middle
25 silly checking diff packages/plugin-asset-dev
26 silly no diff found in @middle/plugin-asset-dev
27 silly checking diff packages/plugin-asset
28 silly no diff found in @middle/plugin-asset
29 silly checking diff packages/plugin-default-config
30 silly no diff found in @middle/plugin-default-config
31 silly checking diff packages/plugin-dva-ts
32 silly no diff found in @middle/plugin-dva-ts
33 silly checking diff packages/plugin-sentry
34 silly found diff in packages/plugin-sentry/package.json
34 silly found diff in packages/plugin-sentry/src/index.ts
35 verbose filtered diff [
35 verbose filtered diff   'packages/plugin-sentry/package.json',
35 verbose filtered diff   'packages/plugin-sentry/src/index.ts'
35 verbose filtered diff ]
36 silly checking diff packages/plugin-tabs
37 silly no diff found in @middle/plugin-tabs
38 silly checking diff packages/plugin-watermark
39 silly no diff found in @middle/plugin-watermark
40 verbose updated @middle/middle
41 verbose updated @middle/plugin-sentry
42 verbose git-describe undefined => "@middle/middle@0.0.77-1-g11f6083"
43 silly git-describe parsed => {"lastTagName":"@middle/middle@0.0.77","lastVersion":"0.0.77","refCount":"1","sha":"11f6083","isDirty":false}
44 info execute Skipping releases
45 silly lifecycle No script for "preversion" in "middle-modules", continuing
46 silly lifecycle No script for "preversion" in "@middle/plugin-sentry", continuing
47 verbose version @middle/plugin-sentry has no lockfile. Skipping lockfile update.
48 silly lifecycle No script for "version" in "@middle/plugin-sentry", continuing
49 silly lifecycle No script for "preversion" in "@middle/middle", continuing
50 verbose version @middle/middle has no lockfile. Skipping lockfile update.
51 silly lifecycle No script for "version" in "@middle/middle", continuing
52 silly lifecycle No script for "version" in "middle-modules", continuing
53 silly gitAdd [
53 silly gitAdd   'packages/plugin-sentry/package.json',
53 silly gitAdd   'packages/middle/package.json'
53 silly gitAdd ]
54 silly gitCommit Publish
54 silly gitCommit
54 silly gitCommit  - @middle/middle@0.0.78
54 silly gitCommit  - @middle/plugin-sentry@0.0.8
55 verbose git [
55 verbose git   'commit',
55 verbose git   '-F',
55 verbose git   '/private/var/folders/7m/613md9hn64v2h3bfbb2pny4c0000gn/T/17aae374-8d46-49f1-bcfc-ec82905fc448/lerna-commit.txt'
55 verbose git ]
56 silly gitTag @middle/middle@0.0.78
57 verbose git [ 'tag', '@middle/middle@0.0.78', '-m', '@middle/middle@0.0.78' ]
58 silly gitTag @middle/plugin-sentry@0.0.8
59 verbose git [
59 verbose git   'tag',
59 verbose git   '@middle/plugin-sentry@0.0.8',
59 verbose git   '-m',
59 verbose git   '@middle/plugin-sentry@0.0.8'
59 verbose git ]
60 silly lifecycle No script for "postversion" in "@middle/middle", continuing
61 silly lifecycle No script for "postversion" in "@middle/plugin-sentry", continuing
62 silly lifecycle No script for "postversion" in "middle-modules", continuing
63 info git Pushing tags...
64 silly gitPush origin main
65 info publish Publishing packages to npm...
66 notice Skipping all user and access validation due to third-party registry
67 notice Make sure you're authenticated properly ¯\_(ツ)_/¯
68 silly getCurrentSHA
69 verbose getCurrentSHA 8ee1aa391223c9292114b5af8b2d6146c4dec029
70 silly lifecycle No script for "prepublish" in "middle-modules", continuing
71 silly lifecycle No script for "prepare" in "middle-modules", continuing
72 silly lifecycle No script for "prepublishOnly" in "middle-modules", continuing
73 silly lifecycle No script for "prepack" in "middle-modules", continuing
74 verbose pack-directory packages/plugin-sentry
75 silly lifecycle No script for "prepublish" in "@middle/plugin-sentry", continuing
76 silly lifecycle No script for "prepare" in "@middle/plugin-sentry", continuing
77 silly lifecycle No script for "prepublishOnly" in "@middle/plugin-sentry", continuing
78 silly lifecycle No script for "prepack" in "@middle/plugin-sentry", continuing
79 silly lifecycle No script for "postpack" in "@middle/plugin-sentry", continuing
80 verbose packed packages/plugin-sentry
81 verbose pack-directory packages/middle
82 silly lifecycle No script for "prepublish" in "@middle/middle", continuing
83 silly lifecycle No script for "prepare" in "@middle/middle", continuing
84 silly lifecycle No script for "prepublishOnly" in "@middle/middle", continuing
85 silly lifecycle No script for "prepack" in "@middle/middle", continuing
86 silly lifecycle No script for "postpack" in "@middle/middle", continuing
87 verbose packed packages/middle
88 silly lifecycle No script for "postpack" in "middle-modules", continuing
89 verbose publish @middle/plugin-sentry
90 silly FetchError: request to http://npm.yonghuivip.com/@middle%2fplugin-sentry failed, reason: socket hang up
90 silly     at ClientRequest.<anonymous> (/Users/yanxianliang/Desktop/yonghui/umi-middle/node_modules/minipass-fetch/lib/index.js:130:14)
90 silly     at ClientRequest.emit (node:events:513:28)
90 silly     at Socket.socketOnEnd (node:_http_client:505:9)
90 silly     at Socket.emit (node:events:525:35)
90 silly     at endReadableNT (node:internal/streams/readable:1358:12)
90 silly     at processTicksAndRejections (node:internal/process/task_queues:83:21)
90 silly  FetchError: request to http://npm.yonghuivip.com/@middle%2fplugin-sentry failed, reason: socket hang up
90 silly     at ClientRequest.<anonymous> (/Users/yanxianliang/Desktop/yonghui/umi-middle/node_modules/minipass-fetch/lib/index.js:130:14)
90 silly     at ClientRequest.emit (node:events:513:28)
90 silly     at Socket.socketOnEnd (node:_http_client:505:9)
90 silly     at Socket.emit (node:events:525:35)
90 silly     at endReadableNT (node:internal/streams/readable:1358:12)
90 silly     at processTicksAndRejections (node:internal/process/task_queues:83:21) {
90 silly   code: 'ECONNRESET',
90 silly   errno: 'ECONNRESET',
90 silly   type: 'system'
90 silly }
91 error ECONNRESET request to http://npm.yonghuivip.com/@middle%2fplugin-sentry failed, reason: socket hang up
92 error FetchError: request to http://npm.yonghuivip.com/@middle%2fplugin-sentry failed, reason: socket hang up
92 error     at ClientRequest.<anonymous> (/Users/yanxianliang/Desktop/yonghui/umi-middle/node_modules/minipass-fetch/lib/index.js:130:14)
92 error     at ClientRequest.emit (node:events:513:28)
92 error     at Socket.socketOnEnd (node:_http_client:505:9)
92 error     at Socket.emit (node:events:525:35)
92 error     at endReadableNT (node:internal/streams/readable:1358:12)
